Information: Propagating switching activity (low effort zero delay simulation). (PWR-6)
Warning: Design has unannotated primary inputs. (PWR-414)
Warning: Design has unannotated sequential cell outputs. (PWR-415)
 
****************************************
Report : power
        -analysis_effort low
Design : aes_cipher_top
Version: J-2014.09-SP2
Date   : Sat Jun 10 18:26:16 2017
****************************************


Library(s) Used:

    CORE65LPSVT (File: /space/s242094/lab/WORK_SYNTHESIS/tech/STcmos65/CORE65LPSVT_nom_1.20V_25C.db)


Operating Conditions: nom_1.20V_25C   Library: CORE65LPSVT
Wire Load Model Mode: enclosed

Design        Wire Load Model            Library
------------------------------------------------
aes_cipher_top         area_12Kto18K     CORE65LPSVT


Global Operating Voltage = 1.2  
Power-specific unit information :
    Voltage Units = 1V
    Capacitance Units = 1.000000pf
    Time Units = 1ns
    Dynamic Power Units = 1mW    (derived from V,C,T units)
    Leakage Power Units = 1mW


  Cell Internal Power  = 1.135980 mW   (64%)
  Net Switching Power  = 627.811584 uW   (36%)
                         ---------
Total Dynamic Power    = 1.763791 mW  (100%)

Cell Leakage Power     =   1.6255 uW


                 Internal         Switching           Leakage            Total
Power Group      Power            Power               Power              Power   (   %    )  Attrs
--------------------------------------------------------------------------------------------------
io_pad           0.000000          0.000000          0.000000          0.000000  (   0.00%)
memory           0.000000          0.000000          0.000000          0.000000  (   0.00%)
black_box        0.000000          0.000000          0.000000          0.000000  (   0.00%)
clock_network    0.000000          0.000000          0.000000          0.000000  (   0.00%)
register         0.982195          0.205056        6.833286e-04          1.187934
                                                                                 (  67.29%)
sequential       0.000000          0.000000          0.000000          0.000000  (   0.00%)
combinational    0.153785          0.422756        9.421795e-04          0.577482
                                                                                 (  32.71%)
--------------------------------------------------------------------------------------------------
Total            1.135980 mW       0.627813 mW     1.625508e-03 mW       1.765417 mW
1
