Information: Propagating switching activity (low effort zero delay simulation). (PWR-6)
Warning: Design has unannotated primary inputs. (PWR-414)
Warning: Design has unannotated sequential cell outputs. (PWR-415)
 
****************************************
Report : power
        -analysis_effort low
Design : aes_cipher_top
Version: J-2014.09-SP2
Date   : Sat Jun 10 18:35:31 2017
****************************************


Library(s) Used:

    CORE65LPSVT (File: /space/s242094/lab/WORK_SYNTHESIS/tech/STcmos65/CORE65LPSVT_nom_1.20V_25C.db)


Operating Conditions: nom_1.20V_25C   Library: CORE65LPSVT
Wire Load Model Mode: enclosed

Design        Wire Load Model            Library
------------------------------------------------
aes_cipher_top         area_12Kto18K     CORE65LPSVT


Global Operating Voltage = 1.2  
Power-specific unit information :
    Voltage Units = 1V
    Capacitance Units = 1.000000pf
    Time Units = 1ns
    Dynamic Power Units = 1mW    (derived from V,C,T units)
    Leakage Power Units = 1mW


  Cell Internal Power  = 773.088745 uW   (67%)
  Net Switching Power  = 381.176971 uW   (33%)
                         ---------
Total Dynamic Power    = 1.154266 mW  (100%)

Cell Leakage Power     =   1.7248 uW


                 Internal         Switching           Leakage            Total
Power Group      Power            Power               Power              Power   (   %    )  Attrs
--------------------------------------------------------------------------------------------------
io_pad           0.000000          0.000000          0.000000          0.000000  (   0.00%)
memory           0.000000          0.000000          0.000000          0.000000  (   0.00%)
black_box        0.000000          0.000000          0.000000          0.000000  (   0.00%)
clock_network    0.000000          0.000000          0.000000          0.000000  (   0.00%)
register         0.680306          0.129959        7.852123e-04          0.811050
                                                                                 (  70.16%)
sequential       0.000000          0.000000          0.000000          0.000000  (   0.00%)
combinational  9.278324e-02          0.251218        9.395906e-04          0.344941
                                                                                 (  29.84%)
--------------------------------------------------------------------------------------------------
Total            0.773089 mW       0.381177 mW     1.724803e-03 mW       1.155991 mW
1
